<?xml version="1.0" encoding="UTF-8"?>
<!-- Generated by org.testng.reporters.JUnitReportReporter -->
<testsuite hostname="LAPTOP-Q750IRBE" failures="0" tests="4" name="api.tests.UserTest" time="9.866" errors="0" timestamp="2023-07-07T22:12:20 IST" skipped="0">
  <testcase classname="api.tests.UserTest" name="testPostUser" time="3.349"/>
  <system-out/>
  <testcase classname="api.tests.UserTest" name="testGetUser" time="1.753"/>
  <system-out/>
  <testcase classname="api.tests.UserTest" name="testPutUser" time="3.529"/>
  <system-out/>
  <testcase classname="api.tests.UserTest" name="testDeleteUser" time="1.235"/>
  <system-out/>
</testsuite> <!-- api.tests.UserTest -->
