<?xml version="1.0" encoding="UTF-8"?>
<!-- Generated by org.testng.reporters.JUnitReportReporter -->
<testsuite hostname="LAPTOP-Q750IRBE" failures="0" tests="6" name="api.tests.DDTests" time="9.959" errors="0" timestamp="2023-07-07T22:12:20 IST" skipped="0">
  <testcase classname="api.tests.DDTests" name="postTestUser" time="1.678"/>
  <system-out/>
  <testcase classname="api.tests.DDTests" name="postTestUser" time="1.834"/>
  <system-out/>
  <testcase classname="api.tests.DDTests" name="postTestUser" time="1.548"/>
  <system-out/>
  <testcase classname="api.tests.DDTests" name="deleteUsernames" time="1.636"/>
  <system-out/>
  <testcase classname="api.tests.DDTests" name="deleteUsernames" time="1.738"/>
  <system-out/>
  <testcase classname="api.tests.DDTests" name="deleteUsernames" time="1.525"/>
  <system-out/>
</testsuite> <!-- api.tests.DDTests -->
