<?xml version="1.0" encoding="UTF-8"?>
<!-- Generated by org.testng.reporters.JUnitReportReporter -->
<testsuite hostname="LAPTOP-Q750IRBE" failures="0" tests="4" name="api.tests.UserTest" time="12.690" errors="0" timestamp="2023-07-07T22:45:38 IST" skipped="0">
  <testcase classname="api.tests.UserTest" name="testPostUser" time="5.091"/>
  <testcase classname="api.tests.UserTest" name="testGetUser" time="2.076"/>
  <testcase classname="api.tests.UserTest" name="testPutUser" time="3.578"/>
  <testcase classname="api.tests.UserTest" name="testDeleteUser" time="1.945"/>
</testsuite> <!-- api.tests.UserTest -->
