<?xml version="1.0" encoding="UTF-8"?>
<!-- Generated by org.testng.reporters.JUnitReportReporter -->
<testsuite hostname="LAPTOP-Q750IRBE" failures="0" tests="6" name="api.tests.DDTests" time="11.208" errors="0" timestamp="2023-07-07T22:45:38 IST" skipped="0">
  <testcase classname="api.tests.DDTests" name="postTestUser" time="1.886"/>
  <testcase classname="api.tests.DDTests" name="postTestUser" time="1.636"/>
  <testcase classname="api.tests.DDTests" name="postTestUser" time="2.353"/>
  <testcase classname="api.tests.DDTests" name="deleteUsernames" time="1.648"/>
  <testcase classname="api.tests.DDTests" name="deleteUsernames" time="1.843"/>
  <testcase classname="api.tests.DDTests" name="deleteUsernames" time="1.842"/>
</testsuite> <!-- api.tests.DDTests -->
